<?xml version="1.0" encoding="UTF-8"?>
<!-- Generated by org.testng.reporters.JUnitReportReporter -->
<testsuite skipped="0" hostname="LAPTOP-A313QKMS-rajesh" name="com.mobiotics.IMCL_Selfcare.TestCases.TC_003_ManageMyPack_DP_customer" tests="1" failures="0" timestamp="24 Jul 2019 13:34:03 GMT" time="141.269" errors="0">
  <testcase name="manageMyPack" time="141.269" classname="com.mobiotics.IMCL_Selfcare.TestCases.TC_003_ManageMyPack_DP_customer"/>
</testsuite> <!-- com.mobiotics.IMCL_Selfcare.TestCases.TC_003_ManageMyPack_DP_customer -->
