<?xml version="1.0" encoding="UTF-8"?>
<!-- Generated by org.testng.reporters.JUnitReportReporter -->
<testsuite skipped="0" hostname="LAPTOP-A313QKMS-rajesh" name="com.mobiotics.IMCL_Selfcare.TestCases.Tc_004_MyProfile" tests="1" failures="0" timestamp="25 Jul 2019 11:39:27 GMT" time="114.274" errors="0">
  <testcase name="myProfilePageTest" time="114.274" classname="com.mobiotics.IMCL_Selfcare.TestCases.Tc_004_MyProfile"/>
</testsuite> <!-- com.mobiotics.IMCL_Selfcare.TestCases.Tc_004_MyProfile -->
